{"/Users/andrew/Hack Reactor/FrontEndCapstone/review-service/client/src/components/Header.jsx": {"path":"/Users/andrew/Hack Reactor/FrontEndCapstone/review-service/client/src/components/Header.jsx","statementMap":{"0":{"start":{"line":4,"column":15},"end":{"line":16,"column":1}},"1":{"start":{"line":5,"column":2},"end":{"line":15,"column":8}}},"fnMap":{"0":{"name":"(anonymous_0)","decl":{"start":{"line":4,"column":15},"end":{"line":4,"column":16}},"loc":{"start":{"line":5,"column":2},"end":{"line":15,"column":8}},"line":5}},"branchMap":{},"s":{"0":1,"1":1},"f":{"0":1},"b":{},"_coverageSchema":"332fd63041d2c1bcb487cc26dd0d5f7d97098a6c","hash":"814e144770607a3d141f0c4f601e2012a19822c9"}
,"/Users/andrew/Hack Reactor/FrontEndCapstone/review-service/client/src/components/Overview.jsx": {"path":"/Users/andrew/Hack Reactor/FrontEndCapstone/review-service/client/src/components/Overview.jsx","statementMap":{"0":{"start":{"line":4,"column":17},"end":{"line":61,"column":1}},"1":{"start":{"line":5,"column":2},"end":{"line":60,"column":8}}},"fnMap":{"0":{"name":"(anonymous_0)","decl":{"start":{"line":4,"column":17},"end":{"line":4,"column":18}},"loc":{"start":{"line":5,"column":2},"end":{"line":60,"column":8}},"line":5}},"branchMap":{},"s":{"0":1,"1":1},"f":{"0":1},"b":{},"_coverageSchema":"332fd63041d2c1bcb487cc26dd0d5f7d97098a6c","hash":"f861f4ad53e3fcb229eb71dbfc197e118bcb804b"}
,"/Users/andrew/Hack Reactor/FrontEndCapstone/review-service/client/src/components/Review.jsx": {"path":"/Users/andrew/Hack Reactor/FrontEndCapstone/review-service/client/src/components/Review.jsx","statementMap":{"0":{"start":{"line":3,"column":15},"end":{"line":11,"column":1}},"1":{"start":{"line":4,"column":2},"end":{"line":10,"column":8}}},"fnMap":{"0":{"name":"(anonymous_0)","decl":{"start":{"line":3,"column":15},"end":{"line":3,"column":16}},"loc":{"start":{"line":4,"column":2},"end":{"line":10,"column":8}},"line":4}},"branchMap":{},"s":{"0":1,"1":3},"f":{"0":3},"b":{},"_coverageSchema":"332fd63041d2c1bcb487cc26dd0d5f7d97098a6c","hash":"3d6a53ed64a2098ff01212f213a2943bf8d18f96"}
,"/Users/andrew/Hack Reactor/FrontEndCapstone/review-service/test/jestsetup.js": {"path":"/Users/andrew/Hack Reactor/FrontEndCapstone/review-service/test/jestsetup.js","statementMap":{"0":{"start":{"line":4,"column":0},"end":{"line":4,"column":45}},"1":{"start":{"line":6,"column":0},"end":{"line":6,"column":25}},"2":{"start":{"line":7,"column":0},"end":{"line":7,"column":23}},"3":{"start":{"line":8,"column":0},"end":{"line":8,"column":21}}},"fnMap":{},"branchMap":{},"s":{"0":3,"1":3,"2":3,"3":3},"f":{},"b":{},"_coverageSchema":"332fd63041d2c1bcb487cc26dd0d5f7d97098a6c","hash":"0eec99421b530b6653438499c1e995975a0e8ef4"}
}
