TN:
SF:/Users/andrew/Hack Reactor/FrontEndCapstone/review-service/client/src/components/Header.jsx
FN:4,(anonymous_0)
FNF:1
FNH:1
FNDA:1,(anonymous_0)
DA:4,1
DA:5,1
LF:2
LH:2
BRF:0
BRH:0
end_of_record
TN:
SF:/Users/andrew/Hack Reactor/FrontEndCapstone/review-service/client/src/components/Overview.jsx
FN:4,(anonymous_0)
FNF:1
FNH:1
FNDA:1,(anonymous_0)
DA:4,1
DA:5,1
LF:2
LH:2
BRF:0
BRH:0
end_of_record
TN:
SF:/Users/andrew/Hack Reactor/FrontEndCapstone/review-service/client/src/components/Review.jsx
FN:3,(anonymous_0)
FNF:1
FNH:1
FNDA:3,(anonymous_0)
DA:3,1
DA:4,3
LF:2
LH:2
BRF:0
BRH:0
end_of_record
TN:
SF:/Users/andrew/Hack Reactor/FrontEndCapstone/review-service/test/jestsetup.js
FNF:0
FNH:0
DA:4,3
DA:6,3
DA:7,3
DA:8,3
LF:4
LH:4
BRF:0
BRH:0
end_of_record
